bin\Debug\FreeGLUT.pdb
C:\USERS\JAMES\DESKTOP\RWM_5\BOX2D_V2.3.0 - COPY\BOX2D\BUILD\VS2012\BIN\DEBUG\FREEGLUT.LIB
C:\USERS\JAMES\DESKTOP\RWM_5\BOX2D_V2.3.0 - COPY\BOX2D\BUILD\VS2012\BIN\DEBUG\FREEGLUT.PDB
C:\Users\james\Desktop\rwm_5\Box2D_v2.3.0 - Copy\Box2D\Build\vs2012\obj\x32\Debug\FreeGLUT\cl.command.1.tlog
C:\Users\james\Desktop\rwm_5\Box2D_v2.3.0 - Copy\Box2D\Build\vs2012\obj\x32\Debug\FreeGLUT\CL.read.1.tlog
C:\Users\james\Desktop\rwm_5\Box2D_v2.3.0 - Copy\Box2D\Build\vs2012\obj\x32\Debug\FreeGLUT\CL.write.1.tlog
C:\Users\james\Desktop\rwm_5\Box2D_v2.3.0 - Copy\Box2D\Build\vs2012\obj\x32\Debug\FreeGLUT\FreeGLUT.vcxprojResolveAssemblyReference.cache
C:\Users\james\Desktop\rwm_5\Box2D_v2.3.0 - Copy\Box2D\Build\vs2012\obj\x32\Debug\FreeGLUT\FreeGLUT.write.1.tlog
C:\USERS\JAMES\DESKTOP\RWM_5\BOX2D_V2.3.0 - COPY\BOX2D\BUILD\VS2012\OBJ\X32\DEBUG\FREEGLUT\FREEGLUT_CALLBACKS.OBJ
C:\USERS\JAMES\DESKTOP\RWM_5\BOX2D_V2.3.0 - COPY\BOX2D\BUILD\VS2012\OBJ\X32\DEBUG\FREEGLUT\FREEGLUT_CURSOR.OBJ
C:\USERS\JAMES\DESKTOP\RWM_5\BOX2D_V2.3.0 - COPY\BOX2D\BUILD\VS2012\OBJ\X32\DEBUG\FREEGLUT\FREEGLUT_DISPLAY.OBJ
C:\USERS\JAMES\DESKTOP\RWM_5\BOX2D_V2.3.0 - COPY\BOX2D\BUILD\VS2012\OBJ\X32\DEBUG\FREEGLUT\FREEGLUT_EXT.OBJ
C:\USERS\JAMES\DESKTOP\RWM_5\BOX2D_V2.3.0 - COPY\BOX2D\BUILD\VS2012\OBJ\X32\DEBUG\FREEGLUT\FREEGLUT_FONT.OBJ
C:\USERS\JAMES\DESKTOP\RWM_5\BOX2D_V2.3.0 - COPY\BOX2D\BUILD\VS2012\OBJ\X32\DEBUG\FREEGLUT\FREEGLUT_FONT_DATA.OBJ
C:\USERS\JAMES\DESKTOP\RWM_5\BOX2D_V2.3.0 - COPY\BOX2D\BUILD\VS2012\OBJ\X32\DEBUG\FREEGLUT\FREEGLUT_GAMEMODE.OBJ
C:\USERS\JAMES\DESKTOP\RWM_5\BOX2D_V2.3.0 - COPY\BOX2D\BUILD\VS2012\OBJ\X32\DEBUG\FREEGLUT\FREEGLUT_GEOMETRY.OBJ
C:\USERS\JAMES\DESKTOP\RWM_5\BOX2D_V2.3.0 - COPY\BOX2D\BUILD\VS2012\OBJ\X32\DEBUG\FREEGLUT\FREEGLUT_GLUTFONT_DEFINITIONS.OBJ
C:\USERS\JAMES\DESKTOP\RWM_5\BOX2D_V2.3.0 - COPY\BOX2D\BUILD\VS2012\OBJ\X32\DEBUG\FREEGLUT\FREEGLUT_INIT.OBJ
C:\USERS\JAMES\DESKTOP\RWM_5\BOX2D_V2.3.0 - COPY\BOX2D\BUILD\VS2012\OBJ\X32\DEBUG\FREEGLUT\FREEGLUT_INPUT_DEVICES.OBJ
C:\USERS\JAMES\DESKTOP\RWM_5\BOX2D_V2.3.0 - COPY\BOX2D\BUILD\VS2012\OBJ\X32\DEBUG\FREEGLUT\FREEGLUT_JOYSTICK.OBJ
C:\USERS\JAMES\DESKTOP\RWM_5\BOX2D_V2.3.0 - COPY\BOX2D\BUILD\VS2012\OBJ\X32\DEBUG\FREEGLUT\FREEGLUT_MAIN.OBJ
C:\USERS\JAMES\DESKTOP\RWM_5\BOX2D_V2.3.0 - COPY\BOX2D\BUILD\VS2012\OBJ\X32\DEBUG\FREEGLUT\FREEGLUT_MENU.OBJ
C:\USERS\JAMES\DESKTOP\RWM_5\BOX2D_V2.3.0 - COPY\BOX2D\BUILD\VS2012\OBJ\X32\DEBUG\FREEGLUT\FREEGLUT_MISC.OBJ
C:\USERS\JAMES\DESKTOP\RWM_5\BOX2D_V2.3.0 - COPY\BOX2D\BUILD\VS2012\OBJ\X32\DEBUG\FREEGLUT\FREEGLUT_OVERLAY.OBJ
C:\USERS\JAMES\DESKTOP\RWM_5\BOX2D_V2.3.0 - COPY\BOX2D\BUILD\VS2012\OBJ\X32\DEBUG\FREEGLUT\FREEGLUT_SPACEBALL.OBJ
C:\USERS\JAMES\DESKTOP\RWM_5\BOX2D_V2.3.0 - COPY\BOX2D\BUILD\VS2012\OBJ\X32\DEBUG\FREEGLUT\FREEGLUT_STATE.OBJ
C:\USERS\JAMES\DESKTOP\RWM_5\BOX2D_V2.3.0 - COPY\BOX2D\BUILD\VS2012\OBJ\X32\DEBUG\FREEGLUT\FREEGLUT_STROKE_MONO_ROMAN.OBJ
C:\USERS\JAMES\DESKTOP\RWM_5\BOX2D_V2.3.0 - COPY\BOX2D\BUILD\VS2012\OBJ\X32\DEBUG\FREEGLUT\FREEGLUT_STROKE_ROMAN.OBJ
C:\USERS\JAMES\DESKTOP\RWM_5\BOX2D_V2.3.0 - COPY\BOX2D\BUILD\VS2012\OBJ\X32\DEBUG\FREEGLUT\FREEGLUT_STRUCTURE.OBJ
C:\USERS\JAMES\DESKTOP\RWM_5\BOX2D_V2.3.0 - COPY\BOX2D\BUILD\VS2012\OBJ\X32\DEBUG\FREEGLUT\FREEGLUT_TEAPOT.OBJ
C:\USERS\JAMES\DESKTOP\RWM_5\BOX2D_V2.3.0 - COPY\BOX2D\BUILD\VS2012\OBJ\X32\DEBUG\FREEGLUT\FREEGLUT_VIDEORESIZE.OBJ
C:\USERS\JAMES\DESKTOP\RWM_5\BOX2D_V2.3.0 - COPY\BOX2D\BUILD\VS2012\OBJ\X32\DEBUG\FREEGLUT\FREEGLUT_WINDOW.OBJ
C:\Users\james\Desktop\rwm_5\Box2D_v2.3.0 - Copy\Box2D\Build\vs2012\obj\x32\Debug\FreeGLUT\lib.command.1.tlog
C:\Users\james\Desktop\rwm_5\Box2D_v2.3.0 - Copy\Box2D\Build\vs2012\obj\x32\Debug\FreeGLUT\Lib-link.read.1.tlog
C:\Users\james\Desktop\rwm_5\Box2D_v2.3.0 - Copy\Box2D\Build\vs2012\obj\x32\Debug\FreeGLUT\Lib-link.write.1.tlog
