bin\Debug\GLUI.pdb
C:\USERS\JAMES\DESKTOP\RWM_5\BOX2D_V2.3.0 - COPY\BOX2D\BUILD\VS2012\BIN\DEBUG\GLUI.LIB
C:\USERS\JAMES\DESKTOP\RWM_5\BOX2D_V2.3.0 - COPY\BOX2D\BUILD\VS2012\BIN\DEBUG\GLUI.PDB
C:\USERS\JAMES\DESKTOP\RWM_5\BOX2D_V2.3.0 - COPY\BOX2D\BUILD\VS2012\OBJ\X32\DEBUG\GLUI\ALGEBRA3.OBJ
C:\USERS\JAMES\DESKTOP\RWM_5\BOX2D_V2.3.0 - COPY\BOX2D\BUILD\VS2012\OBJ\X32\DEBUG\GLUI\ARCBALL.OBJ
C:\Users\james\Desktop\rwm_5\Box2D_v2.3.0 - Copy\Box2D\Build\vs2012\obj\x32\Debug\GLUI\cl.command.1.tlog
C:\Users\james\Desktop\rwm_5\Box2D_v2.3.0 - Copy\Box2D\Build\vs2012\obj\x32\Debug\GLUI\CL.read.1.tlog
C:\Users\james\Desktop\rwm_5\Box2D_v2.3.0 - Copy\Box2D\Build\vs2012\obj\x32\Debug\GLUI\CL.write.1.tlog
C:\USERS\JAMES\DESKTOP\RWM_5\BOX2D_V2.3.0 - COPY\BOX2D\BUILD\VS2012\OBJ\X32\DEBUG\GLUI\GLUI.OBJ
C:\Users\james\Desktop\rwm_5\Box2D_v2.3.0 - Copy\Box2D\Build\vs2012\obj\x32\Debug\GLUI\GLUI.vcxprojResolveAssemblyReference.cache
C:\Users\james\Desktop\rwm_5\Box2D_v2.3.0 - Copy\Box2D\Build\vs2012\obj\x32\Debug\GLUI\GLUI.write.1.tlog
C:\USERS\JAMES\DESKTOP\RWM_5\BOX2D_V2.3.0 - COPY\BOX2D\BUILD\VS2012\OBJ\X32\DEBUG\GLUI\GLUI_ADD_CONTROLS.OBJ
C:\USERS\JAMES\DESKTOP\RWM_5\BOX2D_V2.3.0 - COPY\BOX2D\BUILD\VS2012\OBJ\X32\DEBUG\GLUI\GLUI_BITMAP_IMG_DATA.OBJ
C:\USERS\JAMES\DESKTOP\RWM_5\BOX2D_V2.3.0 - COPY\BOX2D\BUILD\VS2012\OBJ\X32\DEBUG\GLUI\GLUI_BITMAPS.OBJ
C:\USERS\JAMES\DESKTOP\RWM_5\BOX2D_V2.3.0 - COPY\BOX2D\BUILD\VS2012\OBJ\X32\DEBUG\GLUI\GLUI_BUTTON.OBJ
C:\USERS\JAMES\DESKTOP\RWM_5\BOX2D_V2.3.0 - COPY\BOX2D\BUILD\VS2012\OBJ\X32\DEBUG\GLUI\GLUI_CHECKBOX.OBJ
C:\USERS\JAMES\DESKTOP\RWM_5\BOX2D_V2.3.0 - COPY\BOX2D\BUILD\VS2012\OBJ\X32\DEBUG\GLUI\GLUI_COLUMN.OBJ
C:\USERS\JAMES\DESKTOP\RWM_5\BOX2D_V2.3.0 - COPY\BOX2D\BUILD\VS2012\OBJ\X32\DEBUG\GLUI\GLUI_COMMANDLINE.OBJ
C:\USERS\JAMES\DESKTOP\RWM_5\BOX2D_V2.3.0 - COPY\BOX2D\BUILD\VS2012\OBJ\X32\DEBUG\GLUI\GLUI_CONTROL.OBJ
C:\USERS\JAMES\DESKTOP\RWM_5\BOX2D_V2.3.0 - COPY\BOX2D\BUILD\VS2012\OBJ\X32\DEBUG\GLUI\GLUI_EDITTEXT.OBJ
C:\USERS\JAMES\DESKTOP\RWM_5\BOX2D_V2.3.0 - COPY\BOX2D\BUILD\VS2012\OBJ\X32\DEBUG\GLUI\GLUI_FILEBROWSER.OBJ
C:\USERS\JAMES\DESKTOP\RWM_5\BOX2D_V2.3.0 - COPY\BOX2D\BUILD\VS2012\OBJ\X32\DEBUG\GLUI\GLUI_LIST.OBJ
C:\USERS\JAMES\DESKTOP\RWM_5\BOX2D_V2.3.0 - COPY\BOX2D\BUILD\VS2012\OBJ\X32\DEBUG\GLUI\GLUI_LISTBOX.OBJ
C:\USERS\JAMES\DESKTOP\RWM_5\BOX2D_V2.3.0 - COPY\BOX2D\BUILD\VS2012\OBJ\X32\DEBUG\GLUI\GLUI_MOUSE_IACTION.OBJ
C:\USERS\JAMES\DESKTOP\RWM_5\BOX2D_V2.3.0 - COPY\BOX2D\BUILD\VS2012\OBJ\X32\DEBUG\GLUI\GLUI_NODE.OBJ
C:\USERS\JAMES\DESKTOP\RWM_5\BOX2D_V2.3.0 - COPY\BOX2D\BUILD\VS2012\OBJ\X32\DEBUG\GLUI\GLUI_PANEL.OBJ
C:\USERS\JAMES\DESKTOP\RWM_5\BOX2D_V2.3.0 - COPY\BOX2D\BUILD\VS2012\OBJ\X32\DEBUG\GLUI\GLUI_RADIO.OBJ
C:\USERS\JAMES\DESKTOP\RWM_5\BOX2D_V2.3.0 - COPY\BOX2D\BUILD\VS2012\OBJ\X32\DEBUG\GLUI\GLUI_ROLLOUT.OBJ
C:\USERS\JAMES\DESKTOP\RWM_5\BOX2D_V2.3.0 - COPY\BOX2D\BUILD\VS2012\OBJ\X32\DEBUG\GLUI\GLUI_ROTATION.OBJ
C:\USERS\JAMES\DESKTOP\RWM_5\BOX2D_V2.3.0 - COPY\BOX2D\BUILD\VS2012\OBJ\X32\DEBUG\GLUI\GLUI_SCROLLBAR.OBJ
C:\USERS\JAMES\DESKTOP\RWM_5\BOX2D_V2.3.0 - COPY\BOX2D\BUILD\VS2012\OBJ\X32\DEBUG\GLUI\GLUI_SEPARATOR.OBJ
C:\USERS\JAMES\DESKTOP\RWM_5\BOX2D_V2.3.0 - COPY\BOX2D\BUILD\VS2012\OBJ\X32\DEBUG\GLUI\GLUI_SPINNER.OBJ
C:\USERS\JAMES\DESKTOP\RWM_5\BOX2D_V2.3.0 - COPY\BOX2D\BUILD\VS2012\OBJ\X32\DEBUG\GLUI\GLUI_STATICTEXT.OBJ
C:\USERS\JAMES\DESKTOP\RWM_5\BOX2D_V2.3.0 - COPY\BOX2D\BUILD\VS2012\OBJ\X32\DEBUG\GLUI\GLUI_STRING.OBJ
C:\USERS\JAMES\DESKTOP\RWM_5\BOX2D_V2.3.0 - COPY\BOX2D\BUILD\VS2012\OBJ\X32\DEBUG\GLUI\GLUI_TEXTBOX.OBJ
C:\USERS\JAMES\DESKTOP\RWM_5\BOX2D_V2.3.0 - COPY\BOX2D\BUILD\VS2012\OBJ\X32\DEBUG\GLUI\GLUI_TRANSLATION.OBJ
C:\USERS\JAMES\DESKTOP\RWM_5\BOX2D_V2.3.0 - COPY\BOX2D\BUILD\VS2012\OBJ\X32\DEBUG\GLUI\GLUI_TREE.OBJ
C:\USERS\JAMES\DESKTOP\RWM_5\BOX2D_V2.3.0 - COPY\BOX2D\BUILD\VS2012\OBJ\X32\DEBUG\GLUI\GLUI_TREEPANEL.OBJ
C:\USERS\JAMES\DESKTOP\RWM_5\BOX2D_V2.3.0 - COPY\BOX2D\BUILD\VS2012\OBJ\X32\DEBUG\GLUI\GLUI_WINDOW.OBJ
C:\Users\james\Desktop\rwm_5\Box2D_v2.3.0 - Copy\Box2D\Build\vs2012\obj\x32\Debug\GLUI\lib.command.1.tlog
C:\Users\james\Desktop\rwm_5\Box2D_v2.3.0 - Copy\Box2D\Build\vs2012\obj\x32\Debug\GLUI\Lib-link.read.1.tlog
C:\Users\james\Desktop\rwm_5\Box2D_v2.3.0 - Copy\Box2D\Build\vs2012\obj\x32\Debug\GLUI\Lib-link.write.1.tlog
C:\USERS\JAMES\DESKTOP\RWM_5\BOX2D_V2.3.0 - COPY\BOX2D\BUILD\VS2012\OBJ\X32\DEBUG\GLUI\QUATERNION.OBJ
