bin\Debug\Box2D.pdb
C:\USERS\JAMES\DESKTOP\RWM_5\BOX2D_V2.3.0 - COPY\BOX2D\BUILD\VS2012\BIN\DEBUG\BOX2D.LIB
C:\USERS\JAMES\DESKTOP\RWM_5\BOX2D_V2.3.0 - COPY\BOX2D\BUILD\VS2012\BIN\DEBUG\BOX2D.PDB
C:\USERS\JAMES\DESKTOP\RWM_5\BOX2D_V2.3.0 - COPY\BOX2D\BUILD\VS2012\OBJ\X32\DEBUG\BOX2D\B2BLOCKALLOCATOR.OBJ
C:\USERS\JAMES\DESKTOP\RWM_5\BOX2D_V2.3.0 - COPY\BOX2D\BUILD\VS2012\OBJ\X32\DEBUG\BOX2D\B2BODY.OBJ
C:\USERS\JAMES\DESKTOP\RWM_5\BOX2D_V2.3.0 - COPY\BOX2D\BUILD\VS2012\OBJ\X32\DEBUG\BOX2D\B2BROADPHASE.OBJ
C:\USERS\JAMES\DESKTOP\RWM_5\BOX2D_V2.3.0 - COPY\BOX2D\BUILD\VS2012\OBJ\X32\DEBUG\BOX2D\B2CHAINANDCIRCLECONTACT.OBJ
C:\USERS\JAMES\DESKTOP\RWM_5\BOX2D_V2.3.0 - COPY\BOX2D\BUILD\VS2012\OBJ\X32\DEBUG\BOX2D\B2CHAINANDPOLYGONCONTACT.OBJ
C:\USERS\JAMES\DESKTOP\RWM_5\BOX2D_V2.3.0 - COPY\BOX2D\BUILD\VS2012\OBJ\X32\DEBUG\BOX2D\B2CHAINSHAPE.OBJ
C:\USERS\JAMES\DESKTOP\RWM_5\BOX2D_V2.3.0 - COPY\BOX2D\BUILD\VS2012\OBJ\X32\DEBUG\BOX2D\B2CIRCLECONTACT.OBJ
C:\USERS\JAMES\DESKTOP\RWM_5\BOX2D_V2.3.0 - COPY\BOX2D\BUILD\VS2012\OBJ\X32\DEBUG\BOX2D\B2CIRCLESHAPE.OBJ
C:\USERS\JAMES\DESKTOP\RWM_5\BOX2D_V2.3.0 - COPY\BOX2D\BUILD\VS2012\OBJ\X32\DEBUG\BOX2D\B2COLLIDECIRCLE.OBJ
C:\USERS\JAMES\DESKTOP\RWM_5\BOX2D_V2.3.0 - COPY\BOX2D\BUILD\VS2012\OBJ\X32\DEBUG\BOX2D\B2COLLIDEEDGE.OBJ
C:\USERS\JAMES\DESKTOP\RWM_5\BOX2D_V2.3.0 - COPY\BOX2D\BUILD\VS2012\OBJ\X32\DEBUG\BOX2D\B2COLLIDEPOLYGON.OBJ
C:\USERS\JAMES\DESKTOP\RWM_5\BOX2D_V2.3.0 - COPY\BOX2D\BUILD\VS2012\OBJ\X32\DEBUG\BOX2D\B2COLLISION.OBJ
C:\USERS\JAMES\DESKTOP\RWM_5\BOX2D_V2.3.0 - COPY\BOX2D\BUILD\VS2012\OBJ\X32\DEBUG\BOX2D\B2CONTACT.OBJ
C:\USERS\JAMES\DESKTOP\RWM_5\BOX2D_V2.3.0 - COPY\BOX2D\BUILD\VS2012\OBJ\X32\DEBUG\BOX2D\B2CONTACTMANAGER.OBJ
C:\USERS\JAMES\DESKTOP\RWM_5\BOX2D_V2.3.0 - COPY\BOX2D\BUILD\VS2012\OBJ\X32\DEBUG\BOX2D\B2CONTACTSOLVER.OBJ
C:\USERS\JAMES\DESKTOP\RWM_5\BOX2D_V2.3.0 - COPY\BOX2D\BUILD\VS2012\OBJ\X32\DEBUG\BOX2D\B2DISTANCE.OBJ
C:\USERS\JAMES\DESKTOP\RWM_5\BOX2D_V2.3.0 - COPY\BOX2D\BUILD\VS2012\OBJ\X32\DEBUG\BOX2D\B2DISTANCEJOINT.OBJ
C:\USERS\JAMES\DESKTOP\RWM_5\BOX2D_V2.3.0 - COPY\BOX2D\BUILD\VS2012\OBJ\X32\DEBUG\BOX2D\B2DRAW.OBJ
C:\USERS\JAMES\DESKTOP\RWM_5\BOX2D_V2.3.0 - COPY\BOX2D\BUILD\VS2012\OBJ\X32\DEBUG\BOX2D\B2DYNAMICTREE.OBJ
C:\USERS\JAMES\DESKTOP\RWM_5\BOX2D_V2.3.0 - COPY\BOX2D\BUILD\VS2012\OBJ\X32\DEBUG\BOX2D\B2EDGEANDCIRCLECONTACT.OBJ
C:\USERS\JAMES\DESKTOP\RWM_5\BOX2D_V2.3.0 - COPY\BOX2D\BUILD\VS2012\OBJ\X32\DEBUG\BOX2D\B2EDGEANDPOLYGONCONTACT.OBJ
C:\USERS\JAMES\DESKTOP\RWM_5\BOX2D_V2.3.0 - COPY\BOX2D\BUILD\VS2012\OBJ\X32\DEBUG\BOX2D\B2EDGESHAPE.OBJ
C:\USERS\JAMES\DESKTOP\RWM_5\BOX2D_V2.3.0 - COPY\BOX2D\BUILD\VS2012\OBJ\X32\DEBUG\BOX2D\B2FIXTURE.OBJ
C:\USERS\JAMES\DESKTOP\RWM_5\BOX2D_V2.3.0 - COPY\BOX2D\BUILD\VS2012\OBJ\X32\DEBUG\BOX2D\B2FRICTIONJOINT.OBJ
C:\USERS\JAMES\DESKTOP\RWM_5\BOX2D_V2.3.0 - COPY\BOX2D\BUILD\VS2012\OBJ\X32\DEBUG\BOX2D\B2GEARJOINT.OBJ
C:\USERS\JAMES\DESKTOP\RWM_5\BOX2D_V2.3.0 - COPY\BOX2D\BUILD\VS2012\OBJ\X32\DEBUG\BOX2D\B2ISLAND.OBJ
C:\USERS\JAMES\DESKTOP\RWM_5\BOX2D_V2.3.0 - COPY\BOX2D\BUILD\VS2012\OBJ\X32\DEBUG\BOX2D\B2JOINT.OBJ
C:\USERS\JAMES\DESKTOP\RWM_5\BOX2D_V2.3.0 - COPY\BOX2D\BUILD\VS2012\OBJ\X32\DEBUG\BOX2D\B2MATH.OBJ
C:\USERS\JAMES\DESKTOP\RWM_5\BOX2D_V2.3.0 - COPY\BOX2D\BUILD\VS2012\OBJ\X32\DEBUG\BOX2D\B2MOTORJOINT.OBJ
C:\USERS\JAMES\DESKTOP\RWM_5\BOX2D_V2.3.0 - COPY\BOX2D\BUILD\VS2012\OBJ\X32\DEBUG\BOX2D\B2MOUSEJOINT.OBJ
C:\USERS\JAMES\DESKTOP\RWM_5\BOX2D_V2.3.0 - COPY\BOX2D\BUILD\VS2012\OBJ\X32\DEBUG\BOX2D\B2POLYGONANDCIRCLECONTACT.OBJ
C:\USERS\JAMES\DESKTOP\RWM_5\BOX2D_V2.3.0 - COPY\BOX2D\BUILD\VS2012\OBJ\X32\DEBUG\BOX2D\B2POLYGONCONTACT.OBJ
C:\USERS\JAMES\DESKTOP\RWM_5\BOX2D_V2.3.0 - COPY\BOX2D\BUILD\VS2012\OBJ\X32\DEBUG\BOX2D\B2POLYGONSHAPE.OBJ
C:\USERS\JAMES\DESKTOP\RWM_5\BOX2D_V2.3.0 - COPY\BOX2D\BUILD\VS2012\OBJ\X32\DEBUG\BOX2D\B2PRISMATICJOINT.OBJ
C:\USERS\JAMES\DESKTOP\RWM_5\BOX2D_V2.3.0 - COPY\BOX2D\BUILD\VS2012\OBJ\X32\DEBUG\BOX2D\B2PULLEYJOINT.OBJ
C:\USERS\JAMES\DESKTOP\RWM_5\BOX2D_V2.3.0 - COPY\BOX2D\BUILD\VS2012\OBJ\X32\DEBUG\BOX2D\B2REVOLUTEJOINT.OBJ
C:\USERS\JAMES\DESKTOP\RWM_5\BOX2D_V2.3.0 - COPY\BOX2D\BUILD\VS2012\OBJ\X32\DEBUG\BOX2D\B2ROPEJOINT.OBJ
C:\USERS\JAMES\DESKTOP\RWM_5\BOX2D_V2.3.0 - COPY\BOX2D\BUILD\VS2012\OBJ\X32\DEBUG\BOX2D\B2SETTINGS.OBJ
C:\USERS\JAMES\DESKTOP\RWM_5\BOX2D_V2.3.0 - COPY\BOX2D\BUILD\VS2012\OBJ\X32\DEBUG\BOX2D\B2STACKALLOCATOR.OBJ
C:\USERS\JAMES\DESKTOP\RWM_5\BOX2D_V2.3.0 - COPY\BOX2D\BUILD\VS2012\OBJ\X32\DEBUG\BOX2D\B2TIMEOFIMPACT.OBJ
C:\USERS\JAMES\DESKTOP\RWM_5\BOX2D_V2.3.0 - COPY\BOX2D\BUILD\VS2012\OBJ\X32\DEBUG\BOX2D\B2TIMER.OBJ
C:\USERS\JAMES\DESKTOP\RWM_5\BOX2D_V2.3.0 - COPY\BOX2D\BUILD\VS2012\OBJ\X32\DEBUG\BOX2D\B2WELDJOINT.OBJ
C:\USERS\JAMES\DESKTOP\RWM_5\BOX2D_V2.3.0 - COPY\BOX2D\BUILD\VS2012\OBJ\X32\DEBUG\BOX2D\B2WHEELJOINT.OBJ
C:\USERS\JAMES\DESKTOP\RWM_5\BOX2D_V2.3.0 - COPY\BOX2D\BUILD\VS2012\OBJ\X32\DEBUG\BOX2D\B2WORLD.OBJ
C:\USERS\JAMES\DESKTOP\RWM_5\BOX2D_V2.3.0 - COPY\BOX2D\BUILD\VS2012\OBJ\X32\DEBUG\BOX2D\B2WORLDCALLBACKS.OBJ
C:\Users\james\Desktop\rwm_5\Box2D_v2.3.0 - Copy\Box2D\Build\vs2012\obj\x32\Debug\Box2D\Box2D.write.1.tlog
C:\Users\james\Desktop\rwm_5\Box2D_v2.3.0 - Copy\Box2D\Build\vs2012\obj\x32\Debug\Box2D\cl.command.1.tlog
C:\Users\james\Desktop\rwm_5\Box2D_v2.3.0 - Copy\Box2D\Build\vs2012\obj\x32\Debug\Box2D\CL.read.1.tlog
C:\Users\james\Desktop\rwm_5\Box2D_v2.3.0 - Copy\Box2D\Build\vs2012\obj\x32\Debug\Box2D\CL.write.1.tlog
C:\Users\james\Desktop\rwm_5\Box2D_v2.3.0 - Copy\Box2D\Build\vs2012\obj\x32\Debug\Box2D\lib.command.1.tlog
C:\Users\james\Desktop\rwm_5\Box2D_v2.3.0 - Copy\Box2D\Build\vs2012\obj\x32\Debug\Box2D\Lib-link.read.1.tlog
C:\Users\james\Desktop\rwm_5\Box2D_v2.3.0 - Copy\Box2D\Build\vs2012\obj\x32\Debug\Box2D\Lib-link.write.1.tlog
